<?xml version="1.0" encoding="UTF-8"?>
<testng-results skipped="0" failed="0" total="2" passed="2">
  <reporter-output>
  </reporter-output>
  <suite name="Default suite" duration-ms="46" started-at="2016-09-13T04:38:10Z" finished-at="2016-09-13T04:38:10Z">
    <groups>
    </groups>
    <test name="Default test" duration-ms="46" started-at="2016-09-13T04:38:10Z" finished-at="2016-09-13T04:38:10Z">
      <class name="Pack3.TestClass2">
        <test-method status="PASS" signature="TestClass2_Method1()[pri:0, instance:Pack3.TestClass2@5056dfcb]" name="TestClass2_Method1" duration-ms="10" started-at="2016-09-13T10:08:10Z" finished-at="2016-09-13T10:08:10Z">
          <reporter-output>
          </reporter-output>
        </test-method> <!-- TestClass2_Method1 -->
        <test-method status="PASS" signature="TestClass2_Method2()[pri:0, instance:Pack3.TestClass2@5056dfcb]" name="TestClass2_Method2" duration-ms="3" started-at="2016-09-13T10:08:10Z" finished-at="2016-09-13T10:08:10Z">
          <reporter-output>
          </reporter-output>
        </test-method> <!-- TestClass2_Method2 -->
      </class> <!-- Pack3.TestClass2 -->
    </test> <!-- Default test -->
  </suite> <!-- Default suite -->
</testng-results>
